[21:27:34] [INIT] KubeJS 2001.6.5-build.16; MC 2001 forge
[21:27:34] [INIT] Loaded plugins:
[21:27:34] [INIT] - dev.latvian.mods.kubejs.forge.BuiltinKubeJSForgePlugin
[21:27:34] [INIT] - dev.latvian.mods.kubejs.forge.BuiltinKubeJSForgeClientPlugin
[21:27:34] [INIT] - com.prunoideae.powerfuljs.forge.PowerfulJSPluginForge
[21:27:34] [INIT] - net.zhaiji.kubejscurios.kubejs.KubeJSCuriosPlugin
[21:27:34] [INIT] - zank.mods.eventjs.EventJSKubeJSPlugin
[21:27:34] [INIT] - com.aszecsei.musicjs.MusicJSPlugin
[21:27:34] [INIT] - com.lowdragmc.lowdraglib.kjs.LDLibKubeJSPlugin
[21:27:34] [INIT] - com.sighs.petiteinventory.compat.kubejs.JSPlugin
[21:27:34] [INIT] - net.liopyu.entityjs.EntityJSPlugin
[21:27:34] [INIT] - dev.xkmc.l2hostility.compat.kubejs.LHKJSPlugin
[21:27:34] [INIT] - com.probejs.ProbeJSPlugin
[21:27:34] [INIT] - net.sixik.sdmshop.compat.kubejs.SDMShopKubeJS
[21:27:34] [INIT] - com.zhenshiz.chatbox.ChatBoxJSPlugin
[21:27:34] [INFO] Loaded script client_scripts:example.js in 0.006 s
[21:27:34] [INFO] Loaded script client_scripts:music/music.js in 0.002 s
[21:27:34] [INFO] Loaded 2/2 KubeJS client scripts in 0.021 s with 0 errors and 0 warnings
[21:27:37] [INFO] Client resource reload complete!
[21:28:13] [INFO] example.js#41: 1.0
[21:28:13] [INFO] example.js#42: relic.tags.length
[21:28:13] [INFO] example.js#44: undefined
[21:28:13] [INFO] example.js#41: 1.0
[21:28:13] [INFO] example.js#42: relic.tags.length
[21:28:13] [INFO] example.js#44: undefined
[21:28:13] [INFO] example.js#41: 1.0
[21:28:13] [INFO] example.js#42: relic.tags.length
[21:28:13] [INFO] example.js#44: undefined
[21:28:13] [INFO] example.js#41: 1.0
[21:28:13] [INFO] example.js#42: relic.tags.length
[21:28:13] [INFO] example.js#44: undefined
[21:28:13] [INFO] example.js#41: 1.0
[21:28:13] [INFO] example.js#42: relic.tags.length
[21:28:13] [INFO] example.js#44: undefined
[21:28:13] [INFO] example.js#41: 1.0
[21:28:13] [INFO] example.js#42: relic.tags.length
[21:28:13] [INFO] example.js#44: undefined
[21:28:13] [INFO] example.js#41: 1.0
[21:28:13] [INFO] example.js#42: relic.tags.length
[21:28:13] [INFO] example.js#44: undefined
[21:28:13] [INFO] example.js#41: 1.0
[21:28:13] [INFO] example.js#42: relic.tags.length
[21:28:13] [INFO] example.js#44: undefined
[21:28:13] [INFO] example.js#41: 1.0
[21:28:13] [INFO] example.js#42: relic.tags.length
[21:28:13] [INFO] example.js#44: undefined
[21:28:13] [INFO] example.js#41: 1.0
[21:28:13] [INFO] example.js#42: relic.tags.length
[21:28:13] [INFO] example.js#44: undefined
[21:28:13] [INFO] example.js#41: 1.0
[21:28:13] [INFO] example.js#42: relic.tags.length
[21:28:13] [INFO] example.js#44: undefined
[21:28:13] [INFO] example.js#41: 1.0
[21:28:13] [INFO] example.js#42: relic.tags.length
[21:28:13] [INFO] example.js#44: undefined
[21:28:13] [INFO] example.js#41: 0.0
[21:28:13] [INFO] example.js#42: relic.tags.length
[21:28:13] [INFO] example.js#41: 1.0
[21:28:13] [INFO] example.js#42: relic.tags.length
[21:28:13] [INFO] example.js#44: undefined
[21:28:13] [INFO] example.js#41: 0.0
[21:28:13] [INFO] example.js#42: relic.tags.length
[21:28:13] [INFO] example.js#41: 1.0
[21:28:13] [INFO] example.js#42: relic.tags.length
[21:28:13] [INFO] example.js#44: undefined
[21:28:13] [INFO] example.js#41: 0.0
[21:28:13] [INFO] example.js#42: relic.tags.length
[21:28:13] [INFO] example.js#41: 3.0
[21:28:13] [INFO] example.js#42: relic.tags.length
[21:28:13] [INFO] example.js#44: undefined
[21:28:13] [INFO] example.js#44: undefined
[21:28:13] [INFO] example.js#44: undefined
[21:28:13] [INFO] example.js#41: 2.0
[21:28:13] [INFO] example.js#42: relic.tags.length
[21:28:13] [INFO] example.js#44: undefined
[21:28:13] [INFO] example.js#44: undefined
[21:28:13] [INFO] example.js#41: 0.0
[21:28:13] [INFO] example.js#42: relic.tags.length
[21:28:13] [INFO] example.js#41: 2.0
[21:28:13] [INFO] example.js#42: relic.tags.length
[21:28:13] [INFO] example.js#44: undefined
[21:28:13] [INFO] example.js#44: undefined
[21:28:13] [INFO] example.js#41: 2.0
[21:28:13] [INFO] example.js#42: relic.tags.length
[21:28:13] [INFO] example.js#44: undefined
[21:28:13] [INFO] example.js#44: undefined
[21:28:13] [INFO] example.js#41: 2.0
[21:28:13] [INFO] example.js#42: relic.tags.length
[21:28:13] [INFO] example.js#44: undefined
[21:28:13] [INFO] example.js#44: undefined
[21:28:13] [INFO] example.js#41: 0.0
[21:28:13] [INFO] example.js#42: relic.tags.length
[21:28:13] [INFO] example.js#41: 0.0
[21:28:13] [INFO] example.js#42: relic.tags.length
[21:28:13] [INFO] example.js#41: 0.0
[21:28:13] [INFO] example.js#42: relic.tags.length
[21:28:13] [INFO] example.js#41: 2.0
[21:28:13] [INFO] example.js#42: relic.tags.length
[21:28:13] [INFO] example.js#44: undefined
[21:28:13] [INFO] example.js#44: undefined
